\BOOKMARK [1][-]{section.1}{\376\377\000I\000n\000t\000r\000o\000d\000u\000\347\000\343\000o\000\040\000e\000\040\000o\000b\000j\000e\000t\000i\000v\000o}{}% 1
\BOOKMARK [1][-]{section.2}{\376\377\000D\000a\000d\000o\000s\000\040\000e\000\040\000d\000e\000f\000i\000n\000i\000\347\000\343\000o\000\040\000d\000o\000\040\000p\000r\000o\000b\000l\000e\000m\000a}{}% 2
\BOOKMARK [2][-]{subsection.2.1}{\376\377\000F\000o\000n\000t\000e\000\040\000e\000\040\000e\000s\000c\000o\000p\000o}{section.2}% 3
\BOOKMARK [2][-]{subsection.2.2}{\376\377\000F\000i\000l\000t\000r\000o\000s\000\040\000d\000e\000\040\000i\000n\000t\000e\000g\000r\000i\000d\000a\000d\000e}{section.2}% 4
\BOOKMARK [2][-]{subsection.2.3}{\376\377\000V\000a\000r\000i\000\341\000v\000e\000i\000s\000\040\000u\000t\000i\000l\000i\000z\000a\000d\000a\000s}{section.2}% 5
\BOOKMARK [1][-]{section.3}{\376\377\000P\000r\000\351\000-\000p\000r\000o\000c\000e\000s\000s\000a\000m\000e\000n\000t\000o\000\040\000\050\000N\000o\000t\000e\000b\000o\000o\000k\000\040\0000\0001\000\051}{}% 6
\BOOKMARK [2][-]{subsection.3.1}{\376\377\000T\000r\000a\000n\000s\000f\000o\000r\000m\000a\000\347\000\365\000e\000s}{section.3}% 7
\BOOKMARK [2][-]{subsection.3.2}{\376\377\000A\000n\000\341\000l\000i\000s\000e\000\040\000e\000x\000p\000l\000o\000r\000a\000t\000\363\000r\000i\000a\000\040\000\050\000g\000r\000\341\000f\000i\000c\000o\000s\000\051}{section.3}% 8
\BOOKMARK [2][-]{subsection.3.3}{\376\377\000A\000r\000t\000e\000f\000a\000t\000o\000\040\000s\000a\000l\000v\000o}{section.3}% 9
\BOOKMARK [1][-]{section.4}{\376\377\000M\000o\000d\000e\000l\000a\000g\000e\000m\000\040\000e\000x\000p\000e\000r\000i\000m\000e\000n\000t\000a\000l\000\040\000\050\000N\000o\000t\000e\000b\000o\000o\000k\000\040\0000\0002\000\051}{}% 10
\BOOKMARK [2][-]{subsection.4.1}{\376\377\000D\000i\000v\000i\000s\000\343\000o\000\040\000t\000r\000e\000i\000n\000o\000\040\000/\000\040\000t\000e\000s\000t\000e}{section.4}% 11
\BOOKMARK [2][-]{subsection.4.2}{\376\377\000B\000a\000s\000e\000l\000i\000n\000e}{section.4}% 12
\BOOKMARK [2][-]{subsection.4.3}{\376\377\000M\000o\000d\000e\000l\000o\000s\000\040\000a\000v\000a\000l\000i\000a\000d\000o\000s}{section.4}% 13
\BOOKMARK [2][-]{subsection.4.4}{\376\377\000M\000\351\000t\000r\000i\000c\000a\000s}{section.4}% 14
\BOOKMARK [1][-]{section.5}{\376\377\000R\000e\000s\000u\000l\000t\000a\000d\000o\000s\000\040\000n\000u\000m\000\351\000r\000i\000c\000o\000s\000\040\000\050\000c\000o\000n\000j\000u\000n\000t\000o\000\040\000d\000e\000\040\000t\000e\000s\000t\000e\000\051}{}% 15
\BOOKMARK [2][-]{subsection.5.1}{\376\377\000T\000a\000b\000e\000l\000a\000\040\000c\000o\000m\000p\000a\000r\000a\000t\000i\000v\000a}{section.5}% 16
\BOOKMARK [2][-]{subsection.5.2}{\376\377\000V\000a\000l\000i\000d\000a\000\347\000\343\000o\000\040\000c\000r\000u\000z\000a\000d\000a\000\040\000\050\000t\000r\000e\000i\000n\000o\000\051}{section.5}% 17
\BOOKMARK [2][-]{subsection.5.3}{\376\377\000I\000m\000p\000o\000r\000t\000\342\000n\000c\000i\000a\000\040\000d\000e\000\040\000f\000e\000a\000t\000u\000r\000e\000s}{section.5}% 18
\BOOKMARK [1][-]{section.6}{\376\377\000V\000i\000s\000u\000a\000l\000i\000z\000a\000\347\000\365\000e\000s\000\040\000\050\000m\000e\000l\000h\000o\000r\000\040\000m\000o\000d\000e\000l\000o\000\051}{}% 19
\BOOKMARK [1][-]{section.7}{\376\377\000E\000x\000e\000m\000p\000l\000o\000s\000\040\000r\000e\000a\000i\000s\000\040\000n\000o\000\040\000c\000o\000n\000j\000u\000n\000t\000o\000\040\000d\000e\000\040\000t\000e\000s\000t\000e}{}% 20
\BOOKMARK [2][-]{subsection.7.1}{\376\377\000T\000o\000p\000\040\0001\0000\000\040\000f\000i\000l\000m\000e\000s\000\040\000c\000o\000m\000\040\000m\000a\000i\000o\000r\000e\000s\000\040\000n\000o\000t\000a\000s\000\040\000r\000e\000a\000i\000s\000\040\000n\000o\000\040\000t\000e\000s\000t\000e}{section.7}% 21
\BOOKMARK [2][-]{subsection.7.2}{\376\377\000A\000m\000o\000s\000t\000r\000a\000\040\000d\000a\000s\000\040\000p\000r\000i\000m\000e\000i\000r\000a\000s\000\040\0005\0000\000\040\000l\000i\000n\000h\000a\000s\000\040\000d\000a\000\040\000t\000a\000b\000e\000l\000a\000\040\000d\000e\000\040\000c\000o\000m\000p\000a\000r\000a\000\347\000\343\000o}{section.7}% 22
\BOOKMARK [1][-]{section.8}{\376\377\000D\000i\000s\000c\000u\000s\000s\000\343\000o\000\040\000e\000\040\000l\000i\000m\000i\000t\000a\000\347\000\365\000e\000s}{}% 23
\BOOKMARK [1][-]{section.9}{\376\377\000C\000o\000n\000c\000l\000u\000s\000\343\000o}{}% 24
